

Microchip Technology PIC18 LITE Macro Assembler V1.30 build 55553 
                                                                                               Sun Jun 04 22:17:23 2023

Microchip Technology Omniscient Code Generator (Lite mode) build 55553
     1                           	processor	18F4550
     2                           	fnconf	rparam,??,?,0
     3                           	opt	pw 120
     4                           	opt	lm
     5                           	psect	idataCOMRAM,global,class=CODE,delta=1
     6                           	psect	cinit,global,reloc=2,class=CODE,delta=1
     7                           	psect	dataCOMRAM,global,class=COMRAM,space=1,delta=1
     8                           	psect	cstackCOMRAM,global,class=COMRAM,space=1,delta=1
     9                           	psect	text0,global,reloc=2,class=CODE,delta=1
    10                           	psect	intsave_regs,global,class=BIGRAM,space=1,delta=1
    11                           	psect	rparam,global,class=COMRAM,space=1,delta=1
    12  0000                     
    13                           	psect	idataCOMRAM
    14  007F60                     __pidataCOMRAM:
    15                           	opt stack 0
    16                           
    17                           ;initializer for main@F5442
    18  007F60  0001               	dw	1
    19  007F62  0002               	dw	2
    20  007F64  0003               	dw	3
    21  007F66  0004               	dw	4
    22  007F68  0005               	dw	5
    23  007F6A  0006               	dw	6
    24  007F6C  0007               	dw	7
    25  007F6E  0008               	dw	8
    26  007F70  0009               	dw	9
    27  007F72  000A               	dw	10
    28  0000                     _PORTC	set	3970
    29  0000                     _TRISC	set	3988
    30                           
    31                           ; #config settings
    32                           
    33                           	psect	cinit
    34  007F74                     __pcinit:
    35                           	opt stack 0
    36  007F74                     start_initialization:
    37                           	opt stack 0
    38  007F74                     __initialization:
    39                           	opt stack 0
    40                           
    41                           ; Initialize objects allocated to COMRAM (20 bytes)
    42                           ; load TBLPTR registers with __pidataCOMRAM
    43  007F74  0E60               	movlw	low __pidataCOMRAM
    44  007F76  6EF6               	movwf	tblptrl,c
    45  007F78  0E7F               	movlw	high __pidataCOMRAM
    46  007F7A  6EF7               	movwf	tblptrh,c
    47  007F7C  0E00               	movlw	low (__pidataCOMRAM shr (0+16))
    48  007F7E  6EF8               	movwf	tblptru,c
    49  007F80  EE00  F01D         	lfsr	0,__pdataCOMRAM
    50  007F84  EE10 F014          	lfsr	1,20
    51  007F88                     copy_data0:
    52  007F88  0009               	tblrd		*+
    53  007F8A  CFF5 FFEE          	movff	tablat,postinc0
    54  007F8E  50E5               	movf	postdec1,w,c
    55  007F90  50E1               	movf	fsr1l,w,c
    56  007F92  E1FA               	bnz	copy_data0
    57  007F94                     end_of_initialization:
    58                           	opt stack 0
    59  007F94                     __end_of__initialization:
    60                           	opt stack 0
    61  007F94  0100               	movlb	0
    62  007F96  EFCD  F03F         	goto	_main	;jump to C main() function
    63                           tblptru	equ	0xFF8
    64                           tblptrh	equ	0xFF7
    65                           tblptrl	equ	0xFF6
    66                           tablat	equ	0xFF5
    67                           postinc0	equ	0xFEE
    68                           postdec1	equ	0xFE5
    69                           fsr1l	equ	0xFE1
    70                           
    71                           	psect	dataCOMRAM
    72  00001D                     __pdataCOMRAM:
    73                           	opt stack 0
    74  00001D                     main@F5442:
    75                           	opt stack 0
    76  00001D                     	ds	20
    77                           tblptru	equ	0xFF8
    78                           tblptrh	equ	0xFF7
    79                           tblptrl	equ	0xFF6
    80                           tablat	equ	0xFF5
    81                           postinc0	equ	0xFEE
    82                           postdec1	equ	0xFE5
    83                           fsr1l	equ	0xFE1
    84                           
    85                           	psect	cstackCOMRAM
    86  000001                     __pcstackCOMRAM:
    87                           	opt stack 0
    88  000001                     ??_main:
    89                           
    90                           ; 0 bytes @ 0x0
    91  000001                     	ds	4
    92  000005                     main@number:
    93                           	opt stack 0
    94                           
    95                           ; 20 bytes @ 0x4
    96  000005                     	ds	20
    97  000019                     main@sum:
    98                           	opt stack 0
    99                           
   100                           ; 2 bytes @ 0x18
   101  000019                     	ds	2
   102  00001B                     main@i:
   103                           	opt stack 0
   104                           
   105                           ; 2 bytes @ 0x1A
   106  00001B                     	ds	2
   107                           tblptru	equ	0xFF8
   108                           tblptrh	equ	0xFF7
   109                           tblptrl	equ	0xFF6
   110                           tablat	equ	0xFF5
   111                           postinc0	equ	0xFEE
   112                           postdec1	equ	0xFE5
   113                           fsr1l	equ	0xFE1
   114                           
   115 ;;
   116 ;;Main: autosize = 0, tempsize = 4, incstack = 0, save=0
   117 ;;
   118 ;; *************** function _main *****************
   119 ;; Defined at:
   120 ;;		line 4 in file "nos.c"
   121 ;; Parameters:    Size  Location     Type
   122 ;;		None
   123 ;; Auto vars:     Size  Location     Type
   124 ;;  number         20    4[COMRAM] int [10]
   125 ;;  i               2   26[COMRAM] int 
   126 ;;  sum             2   24[COMRAM] int 
   127 ;; Return value:  Size  Location     Type
   128 ;;		None               void
   129 ;; Registers used:
   130 ;;		wreg, fsr1l, fsr1h, fsr2l, fsr2h, status,2, status,0
   131 ;; Tracked objects:
   132 ;;		On entry : 0/0
   133 ;;		On exit  : 0/0
   134 ;;		Unchanged: 0/0
   135 ;; Data sizes:     COMRAM   BANK0   BANK1   BANK2   BANK3   BANK4   BANK5   BANK6   BANK7
   136 ;;      Params:         0       0       0       0       0       0       0       0       0
   137 ;;      Locals:        24       0       0       0       0       0       0       0       0
   138 ;;      Temps:          4       0       0       0       0       0       0       0       0
   139 ;;      Totals:        28       0       0       0       0       0       0       0       0
   140 ;;Total ram usage:       28 bytes
   141 ;; This function calls:
   142 ;;		Nothing
   143 ;; This function is called by:
   144 ;;		Startup code after reset
   145 ;; This function uses a non-reentrant model
   146 ;;
   147                           
   148                           	psect	text0
   149  007F9A                     __ptext0:
   150                           	opt stack 0
   151  007F9A                     _main:
   152                           	opt stack 31
   153                           
   154                           ;nos.c: 5: int i,sum;
   155                           ;nos.c: 6: int number[]={1,2,3,4,5,6,7,8,9,10};
   156                           
   157                           ;incstack = 0
   158  007F9A  EE20  F01D         	lfsr	2,main@F5442
   159  007F9E  EE10  F005         	lfsr	1,main@number
   160  007FA2  0E14               	movlw	20
   161  007FA4                     u11:
   162  007FA4  CFDE FFE6          	movff	postinc2,postinc1
   163  007FA8  2EE8               	decfsz	wreg,f,c
   164  007FAA  D7FC               	goto	u11
   165                           
   166                           ;nos.c: 7: for(i=0;i<=9;i++){
   167  007FAC  0E00               	movlw	0
   168  007FAE  6E1C               	movwf	main@i+1,c
   169  007FB0  0E00               	movlw	0
   170  007FB2  6E1B               	movwf	main@i,c
   171  007FB4  501C               	movf	main@i+1,w,c
   172  007FB6  0A80               	xorlw	128
   173  007FB8  0F80               	addlw	-128
   174  007FBA  0E0A               	movlw	10
   175  007FBC  B4D8               	btfsc	status,2,c
   176  007FBE  5C1B               	subwf	main@i,w,c
   177  007FC0  B0D8               	btfsc	status,0,c
   178  007FC2  D018               	goto	l601
   179                           
   180                           ;nos.c: 8: sum=sum + number[i];
   181  007FC4  90D8               	bcf	status,0,c
   182  007FC6  341B               	rlcf	main@i,w,c
   183  007FC8  6E01               	movwf	??_main& (0+255),c
   184  007FCA  341C               	rlcf	main@i+1,w,c
   185  007FCC  6E02               	movwf	(??_main+1)& (0+255),c
   186  007FCE  0E05               	movlw	low main@number
   187  007FD0  2401               	addwf	??_main,w,c
   188  007FD2  6ED9               	movwf	fsr2l,c
   189  007FD4  0E00               	movlw	high main@number
   190  007FD6  2002               	addwfc	??_main+1,w,c
   191  007FD8  6EDA               	movwf	fsr2h,c
   192  007FDA  CFDE F003          	movff	postinc2,??_main+2
   193  007FDE  CFDD F004          	movff	postdec2,??_main+3
   194  007FE2  5019               	movf	main@sum,w,c
   195  007FE4  2403               	addwf	??_main+2,w,c
   196  007FE6  6E19               	movwf	main@sum,c
   197  007FE8  501A               	movf	main@sum+1,w,c
   198  007FEA  2004               	addwfc	??_main+3,w,c
   199  007FEC  6E1A               	movwf	main@sum+1,c
   200  007FEE  4A1B               	infsnz	main@i,f,c
   201  007FF0  2A1C               	incf	main@i+1,f,c
   202  007FF2  D7E0               	goto	L1
   203  007FF4                     l601:
   204                           
   205                           ;nos.c: 9: }
   206                           ;nos.c: 10: TRISC=0;
   207  007FF4  0E00               	movlw	0
   208  007FF6  6E94               	movwf	3988,c	;volatile
   209                           
   210                           ;nos.c: 11: PORTC=sum;
   211  007FF8  C019  FF82         	movff	main@sum,3970	;volatile
   212  007FFC  EF00  F000         	goto	start
   213  008000                     __end_of_main:
   214                           	opt stack 0
   215  0000                     tblptru	equ	0xFF8
   216                           tblptrh	equ	0xFF7
   217                           tblptrl	equ	0xFF6
   218                           tablat	equ	0xFF5
   219                           postinc0	equ	0xFEE
   220                           wreg	equ	0xFE8
   221                           postinc1	equ	0xFE6
   222                           postdec1	equ	0xFE5
   223                           fsr1l	equ	0xFE1
   224                           postinc2	equ	0xFDE
   225                           postdec2	equ	0xFDD
   226                           fsr2h	equ	0xFDA
   227                           fsr2l	equ	0xFD9
   228                           status	equ	0xFD8
   229                           tblptru	equ	0xFF8
   230                           tblptrh	equ	0xFF7
   231                           tblptrl	equ	0xFF6
   232                           tablat	equ	0xFF5
   233                           postinc0	equ	0xFEE
   234                           wreg	equ	0xFE8
   235                           postinc1	equ	0xFE6
   236                           postdec1	equ	0xFE5
   237                           fsr1l	equ	0xFE1
   238                           postinc2	equ	0xFDE
   239                           postdec2	equ	0xFDD
   240                           fsr2h	equ	0xFDA
   241                           fsr2l	equ	0xFD9
   242                           status	equ	0xFD8
   243                           
   244                           	psect	rparam
   245  0000                     tblptru	equ	0xFF8
   246                           tblptrh	equ	0xFF7
   247                           tblptrl	equ	0xFF6
   248                           tablat	equ	0xFF5
   249                           postinc0	equ	0xFEE
   250                           wreg	equ	0xFE8
   251                           postinc1	equ	0xFE6
   252                           postdec1	equ	0xFE5
   253                           fsr1l	equ	0xFE1
   254                           postinc2	equ	0xFDE
   255                           postdec2	equ	0xFDD
   256                           fsr2h	equ	0xFDA
   257                           fsr2l	equ	0xFD9
   258                           status	equ	0xFD8


Data Sizes:
    Strings     0
    Constant    0
    Data        20
    BSS         0
    Persistent  0
    Stack       0

Auto Spaces:
    Space          Size  Autos    Used
    COMRAM           95     28      48
    BANK0           160      0       0
    BANK1           256      0       0
    BANK2           256      0       0
    BANK3           256      0       0
    BANK4           256      0       0
    BANK5           256      0       0
    BANK6           256      0       0
    BANK7           256      0       0

Pointer List with Targets:

    None.

Critical Paths under _main in COMRAM

    None.

Critical Paths under _main in BANK0

    None.

Critical Paths under _main in BANK1

    None.

Critical Paths under _main in BANK2

    None.

Critical Paths under _main in BANK3

    None.

Critical Paths under _main in BANK4

    None.

Critical Paths under _main in BANK5

    None.

Critical Paths under _main in BANK6

    None.

Critical Paths under _main in BANK7

    None.

Call Graph Tables:

 ---------------------------------------------------------------------------------
 (Depth) Function   	        Calls       Base Space   Used Autos Params    Refs
 ---------------------------------------------------------------------------------
 (0) _main                                                28    28      0      90
                                              0 COMRAM    28    28      0
 ---------------------------------------------------------------------------------
 Estimated maximum stack depth 0
 ---------------------------------------------------------------------------------

 Call Graph Graphs:

 _main (ROOT)

 Address spaces:
Name               Size   Autos  Total    Cost      Usage
BIGRAM             7FF      0       0      21        0.0%
EEDATA             100      0       0       0        0.0%
BITBANK7           100      0       0      18        0.0%
BANK7              100      0       0      19        0.0%
BITBANK6           100      0       0      16        0.0%
BANK6              100      0       0      17        0.0%
BITBANK5           100      0       0      14        0.0%
BANK5              100      0       0      15        0.0%
BITBANK4           100      0       0      12        0.0%
BANK4              100      0       0      13        0.0%
BITBANK3           100      0       0      10        0.0%
BANK3              100      0       0      11        0.0%
BITBANK2           100      0       0       8        0.0%
BANK2              100      0       0       9        0.0%
BITBANK1           100      0       0       6        0.0%
BANK1              100      0       0       7        0.0%
BITBANK0            A0      0       0       4        0.0%
BANK0               A0      0       0       5        0.0%
BITCOMRAM           5F      0       0       0        0.0%
COMRAM              5F     1C      30       1       50.5%
BITSFR               0      0       0      40        0.0%
SFR                  0      0       0      40        0.0%
STACK                0      0       0       2        0.0%
NULL                 0      0       0       0        0.0%
ABS                  0      0      30      20        0.0%
DATA                 0      0      30       3        0.0%
CODE                 0      0       0       0        0.0%


Microchip Technology PIC18 Macro Assembler V1.30 build 55553 
Symbol Table                                                                                   Sun Jun 04 22:17:23 2023

                     u11 7FA4                      l601 7FF4                      wreg 000FE8  
                   _main 7F9A                     fsr1l 000FE1                     fsr2l 000FD9  
                   start 0000                    ?_main 0001                    _PORTC 000F82  
                  _TRISC 000F94                    main@i 001B                    tablat 000FF5  
                  status 000FD8          __initialization 7F74             __end_of_main 8000  
                 ??_main 0001            __activetblptr 000000             __pdataCOMRAM 001D  
                 tblptrh 000FF7                   tblptrl 000FF6                   tblptru 000FF8  
             __accesstop 0060  __end_of__initialization 7F94           __pcstackCOMRAM 0001  
                __Hparam 0000                  __Lparam 0000                  __pcinit 7F74  
                __ramtop 0800                  __ptext0 7F9A                  main@sum 0019  
   end_of_initialization 7F94                  postdec1 000FE5                  postdec2 000FDD  
                postinc0 000FEE                  postinc1 000FE6                  postinc2 000FDE  
             main@number 0005            __pidataCOMRAM 7F60      start_initialization 7F74  
              main@F5442 001D                copy_data0 7F88                 __Hrparam 0000  
               __Lrparam 0000            __size_of_main 0066  
