

Microchip Technology PIC18 LITE Macro Assembler V1.30 build 55553 
                                                                                               Mon Jun 05 11:52:35 2023

Microchip Technology Omniscient Code Generator (Lite mode) build 55553
     1                           	processor	18F4550
     2                           	fnconf	rparam,??,?,0
     3                           	opt	pw 120
     4                           	opt	lm
     5                           	psect	text0,global,reloc=2,class=CODE,delta=1
     6                           	psect	cinit,global,reloc=2,class=CODE,delta=1
     7                           	psect	cstackCOMRAM,global,class=COMRAM,space=1,delta=1
     8                           	psect	intsave_regs,global,class=BIGRAM,space=1,delta=1
     9                           	psect	rparam,global,class=COMRAM,space=1,delta=1
    10  0000                     _LATAbits	set	3977
    11  0000                     _LATDbits	set	3980
    12  0000                     _PORTDbits	set	3971
    13  0000                     _TRISAbits	set	3986
    14  0000                     _TRISDbits	set	3989
    15                           
    16                           ; 0 bytes @ 0x0
    17 ;;
    18 ;;Main: autosize = 0, tempsize = 0, incstack = 0, save=0
    19 ;;
    20 ;; *************** function _main *****************
    21 ;; Defined at:
    22 ;;		line 9 in file "delay.c"
    23 ;; Parameters:    Size  Location     Type
    24 ;;		None
    25 ;; Auto vars:     Size  Location     Type
    26 ;;		None
    27 ;; Return value:  Size  Location     Type
    28 ;;		None               void
    29 ;; Registers used:
    30 ;;		None
    31 ;; Tracked objects:
    32 ;;		On entry : 0/0
    33 ;;		On exit  : 0/0
    34 ;;		Unchanged: 0/0
    35 ;; Data sizes:     COMRAM   BANK0   BANK1   BANK2   BANK3   BANK4   BANK5   BANK6   BANK7
    36 ;;      Params:         0       0       0       0       0       0       0       0       0
    37 ;;      Locals:         0       0       0       0       0       0       0       0       0
    38 ;;      Temps:          0       0       0       0       0       0       0       0       0
    39 ;;      Totals:         0       0       0       0       0       0       0       0       0
    40 ;;Total ram usage:        0 bytes
    41 ;; This function calls:
    42 ;;		Nothing
    43 ;; This function is called by:
    44 ;;		Startup code after reset
    45 ;; This function uses a non-reentrant model
    46 ;;
    47                           
    48                           	psect	text0
    49  007FE6                     __ptext0:
    50                           	opt stack 0
    51  007FE6                     _main:
    52                           	opt stack 31
    53                           
    54                           ;delay.c: 10: TRISDbits.TRISD0=1;
    55                           
    56                           ;incstack = 0
    57  007FE6  8095               	bsf	3989,0,c	;volatile
    58                           
    59                           ;delay.c: 11: TRISDbits.TRISD1=1;
    60  007FE8  8295               	bsf	3989,1,c	;volatile
    61                           
    62                           ;delay.c: 12: TRISDbits.TRISD2=0;
    63  007FEA  9495               	bcf	3989,2,c	;volatile
    64                           
    65                           ;delay.c: 13: TRISAbits.TRISA4=0;
    66  007FEC  9892               	bcf	3986,4,c	;volatile
    67  007FEE                     l18:
    68                           
    69                           ;delay.c: 16: if(PORTDbits.RD0==1){
    70  007FEE  A083               	btfss	3971,0,c	;volatile
    71  007FF0  D002               	goto	l19
    72                           
    73                           ;delay.c: 17: LATDbits.LATD2=1;
    74  007FF2  848C               	bsf	3980,2,c	;volatile
    75                           
    76                           ;delay.c: 18: LATAbits.LATA2=0;
    77  007FF4  9489               	bcf	3977,2,c	;volatile
    78  007FF6                     l19:
    79                           
    80                           ;delay.c: 19: }
    81                           ;delay.c: 20: if(PORTDbits.RD1==1){
    82  007FF6  A283               	btfss	3971,1,c	;volatile
    83  007FF8  D7FA               	goto	l18
    84                           
    85                           ;delay.c: 21: LATDbits.LATD2=0;
    86  007FFA  948C               	bcf	3980,2,c	;volatile
    87                           
    88                           ;delay.c: 22: LATAbits.LATA2=1;
    89  007FFC  8489               	bsf	3977,2,c	;volatile
    90  007FFE  D7F7               	goto	l18
    91  008000                     __end_of_main:
    92                           	opt stack 0
    93  0000                     
    94                           	psect	cinit
    95  007FE0                     __pcinit:
    96                           	opt stack 0
    97  007FE0                     start_initialization:
    98                           	opt stack 0
    99  007FE0                     __initialization:
   100                           	opt stack 0
   101  007FE0                     end_of_initialization:
   102                           	opt stack 0
   103  007FE0                     __end_of__initialization:
   104                           	opt stack 0
   105  007FE0  0100               	movlb	0
   106  007FE2  EFF3  F03F         	goto	_main	;jump to C main() function
   107                           
   108                           	psect	cstackCOMRAM
   109  000000                     __pcstackCOMRAM:
   110                           	opt stack 0
   111  000000                     
   112                           	psect	rparam


Data Sizes:
    Strings     0
    Constant    0
    Data        0
    BSS         0
    Persistent  0
    Stack       0

Auto Spaces:
    Space          Size  Autos    Used
    COMRAM           95      0       0
    BANK0           160      0       0
    BANK1           256      0       0
    BANK2           256      0       0
    BANK3           256      0       0
    BANK4           256      0       0
    BANK5           256      0       0
    BANK6           256      0       0
    BANK7           256      0       0

Pointer List with Targets:

    None.

Critical Paths under _main in COMRAM

    None.

Critical Paths under _main in BANK0

    None.

Critical Paths under _main in BANK1

    None.

Critical Paths under _main in BANK2

    None.

Critical Paths under _main in BANK3

    None.

Critical Paths under _main in BANK4

    None.

Critical Paths under _main in BANK5

    None.

Critical Paths under _main in BANK6

    None.

Critical Paths under _main in BANK7

    None.

Call Graph Tables:

 ---------------------------------------------------------------------------------
 (Depth) Function   	        Calls       Base Space   Used Autos Params    Refs
 ---------------------------------------------------------------------------------
 (0) _main                                                 0     0      0       0
 ---------------------------------------------------------------------------------
 Estimated maximum stack depth 0
 ---------------------------------------------------------------------------------

 Call Graph Graphs:

 _main (ROOT)

 Address spaces:
Name               Size   Autos  Total    Cost      Usage
BITCOMRAM           5F      0       0       0        0.0%
EEDATA             100      0       0       0        0.0%
NULL                 0      0       0       0        0.0%
CODE                 0      0       0       0        0.0%
COMRAM              5F      0       0       1        0.0%
STACK                0      0       0       2        0.0%
DATA                 0      0       0       3        0.0%
BITBANK0            A0      0       0       4        0.0%
BANK0               A0      0       0       5        0.0%
BITBANK1           100      0       0       6        0.0%
BANK1              100      0       0       7        0.0%
BITBANK2           100      0       0       8        0.0%
BANK2              100      0       0       9        0.0%
BITBANK3           100      0       0      10        0.0%
BANK3              100      0       0      11        0.0%
BITBANK4           100      0       0      12        0.0%
BANK4              100      0       0      13        0.0%
BITBANK5           100      0       0      14        0.0%
BANK5              100      0       0      15        0.0%
BITBANK6           100      0       0      16        0.0%
BANK6              100      0       0      17        0.0%
BITBANK7           100      0       0      18        0.0%
BANK7              100      0       0      19        0.0%
ABS                  0      0       0      20        0.0%
BIGRAM             7FF      0       0      21        0.0%
BITSFR               0      0       0      40        0.0%
SFR                  0      0       0      40        0.0%


Microchip Technology PIC18 Macro Assembler V1.30 build 55553 
Symbol Table                                                                                   Mon Jun 05 11:52:35 2023

                     l18 7FEE                       l19 7FF6                     _main 7FE6  
                   start 0000                    ?_main 0000          __initialization 7FE0  
           __end_of_main 8000                   ??_main 0000            __activetblptr 000000  
             __accesstop 0060  __end_of__initialization 7FE0           __pcstackCOMRAM 0000  
                __Hparam 0000                  __Lparam 0000                  __pcinit 7FE0  
                __ramtop 0800                  __ptext0 7FE6     end_of_initialization 7FE0  
              _PORTDbits 000F83                _TRISAbits 000F92                _TRISDbits 000F95  
    start_initialization 7FE0                 _LATAbits 000F89                 _LATDbits 000F8C  
               __Hrparam 0000                 __Lrparam 0000            __size_of_main 001A  
