

Microchip Technology PIC18 LITE Macro Assembler V1.30 build 55553 
                                                                                               Sun Jun 04 22:30:20 2023

Microchip Technology Omniscient Code Generator (Lite mode) build 55553
     1                           	processor	18F4550
     2                           	fnconf	rparam,??,?,0
     3                           	opt	pw 120
     4                           	opt	lm
     5                           	psect	text0,global,reloc=2,class=CODE,delta=1
     6                           	psect	cinit,global,reloc=2,class=CODE,delta=1
     7                           	psect	cstackCOMRAM,global,class=COMRAM,space=1,delta=1
     8                           	psect	intsave_regs,global,class=BIGRAM,space=1,delta=1
     9                           	psect	rparam,global,class=COMRAM,space=1,delta=1
    10  0000                     _PORTC	set	3970
    11  0000                     _PORTD	set	3971
    12  0000                     _TRISC	set	3988
    13  0000                     _TRISD	set	3989
    14                           
    15 ;;
    16 ;;Main: autosize = 0, tempsize = 0, incstack = 0, save=0
    17 ;;
    18 ;; *************** function _main *****************
    19 ;; Defined at:
    20 ;;		line 5 in file "muldiv.c"
    21 ;; Parameters:    Size  Location     Type
    22 ;;		None
    23 ;; Auto vars:     Size  Location     Type
    24 ;;  div             2    2[COMRAM] int 
    25 ;;  mul             2    0[COMRAM] int 
    26 ;; Return value:  Size  Location     Type
    27 ;;		None               void
    28 ;; Registers used:
    29 ;;		wreg, status,2
    30 ;; Tracked objects:
    31 ;;		On entry : 0/0
    32 ;;		On exit  : 0/0
    33 ;;		Unchanged: 0/0
    34 ;; Data sizes:     COMRAM   BANK0   BANK1   BANK2   BANK3   BANK4   BANK5   BANK6   BANK7
    35 ;;      Params:         0       0       0       0       0       0       0       0       0
    36 ;;      Locals:         4       0       0       0       0       0       0       0       0
    37 ;;      Temps:          0       0       0       0       0       0       0       0       0
    38 ;;      Totals:         4       0       0       0       0       0       0       0       0
    39 ;;Total ram usage:        4 bytes
    40 ;; This function calls:
    41 ;;		Nothing
    42 ;; This function is called by:
    43 ;;		Startup code after reset
    44 ;; This function uses a non-reentrant model
    45 ;;
    46                           
    47                           	psect	text0
    48  007FCC                     __ptext0:
    49                           	opt stack 0
    50  007FCC                     _main:
    51                           	opt stack 31
    52                           
    53                           ;muldiv.c: 6: int mul=0;
    54                           
    55                           ;incstack = 0
    56  007FCC  0E00               	movlw	0
    57  007FCE  6E02               	movwf	main@mul+1,c
    58  007FD0  0E00               	movlw	0
    59  007FD2  6E01               	movwf	main@mul,c
    60                           
    61                           ;muldiv.c: 7: int div=0;
    62  007FD4  0E00               	movlw	0
    63  007FD6  6E04               	movwf	main@div+1,c
    64  007FD8  0E00               	movlw	0
    65  007FDA  6E03               	movwf	main@div,c
    66                           
    67                           ;muldiv.c: 8: mul=0X06*0X01;
    68  007FDC  0E00               	movlw	0
    69  007FDE  6E02               	movwf	main@mul+1,c
    70  007FE0  0E06               	movlw	6
    71  007FE2  6E01               	movwf	main@mul,c
    72                           
    73                           ;muldiv.c: 9: div=0X04/0X02;
    74  007FE4  0E00               	movlw	0
    75  007FE6  6E04               	movwf	main@div+1,c
    76  007FE8  0E02               	movlw	2
    77  007FEA  6E03               	movwf	main@div,c
    78                           
    79                           ;muldiv.c: 11: TRISC=0;
    80  007FEC  0E00               	movlw	0
    81  007FEE  6E94               	movwf	3988,c	;volatile
    82                           
    83                           ;muldiv.c: 12: PORTC=mul;
    84  007FF0  C001  FF82         	movff	main@mul,3970	;volatile
    85                           
    86                           ;muldiv.c: 13: TRISD=0;
    87  007FF4  0E00               	movlw	0
    88  007FF6  6E95               	movwf	3989,c	;volatile
    89                           
    90                           ;muldiv.c: 14: PORTD=div;
    91  007FF8  C003  FF83         	movff	main@div,3971	;volatile
    92  007FFC  EF00  F000         	goto	start
    93  008000                     __end_of_main:
    94                           	opt stack 0
    95  0000                     
    96                           	psect	cinit
    97  007FC6                     __pcinit:
    98                           	opt stack 0
    99  007FC6                     start_initialization:
   100                           	opt stack 0
   101  007FC6                     __initialization:
   102                           	opt stack 0
   103  007FC6                     end_of_initialization:
   104                           	opt stack 0
   105  007FC6                     __end_of__initialization:
   106                           	opt stack 0
   107  007FC6  0100               	movlb	0
   108  007FC8  EFE6  F03F         	goto	_main	;jump to C main() function
   109                           
   110                           	psect	cstackCOMRAM
   111  000001                     __pcstackCOMRAM:
   112                           	opt stack 0
   113  000001                     main@mul:
   114                           	opt stack 0
   115                           
   116                           ; 2 bytes @ 0x0
   117  000001                     	ds	2
   118  000003                     main@div:
   119                           	opt stack 0
   120                           
   121                           ; 2 bytes @ 0x2
   122  000003                     	ds	2
   123                           
   124                           	psect	rparam


Data Sizes:
    Strings     0
    Constant    0
    Data        0
    BSS         0
    Persistent  0
    Stack       0

Auto Spaces:
    Space          Size  Autos    Used
    COMRAM           95      4       4
    BANK0           160      0       0
    BANK1           256      0       0
    BANK2           256      0       0
    BANK3           256      0       0
    BANK4           256      0       0
    BANK5           256      0       0
    BANK6           256      0       0
    BANK7           256      0       0

Pointer List with Targets:

    None.

Critical Paths under _main in COMRAM

    None.

Critical Paths under _main in BANK0

    None.

Critical Paths under _main in BANK1

    None.

Critical Paths under _main in BANK2

    None.

Critical Paths under _main in BANK3

    None.

Critical Paths under _main in BANK4

    None.

Critical Paths under _main in BANK5

    None.

Critical Paths under _main in BANK6

    None.

Critical Paths under _main in BANK7

    None.

Call Graph Tables:

 ---------------------------------------------------------------------------------
 (Depth) Function   	        Calls       Base Space   Used Autos Params    Refs
 ---------------------------------------------------------------------------------
 (0) _main                                                 4     4      0      30
                                              0 COMRAM     4     4      0
 ---------------------------------------------------------------------------------
 Estimated maximum stack depth 0
 ---------------------------------------------------------------------------------

 Call Graph Graphs:

 _main (ROOT)

 Address spaces:
Name               Size   Autos  Total    Cost      Usage
BITCOMRAM           5F      0       0       0        0.0%
EEDATA             100      0       0       0        0.0%
NULL                 0      0       0       0        0.0%
CODE                 0      0       0       0        0.0%
COMRAM              5F      4       4       1        4.2%
STACK                0      0       0       2        0.0%
DATA                 0      0       0       3        0.0%
BITBANK0            A0      0       0       4        0.0%
BANK0               A0      0       0       5        0.0%
BITBANK1           100      0       0       6        0.0%
BANK1              100      0       0       7        0.0%
BITBANK2           100      0       0       8        0.0%
BANK2              100      0       0       9        0.0%
BITBANK3           100      0       0      10        0.0%
BANK3              100      0       0      11        0.0%
BITBANK4           100      0       0      12        0.0%
BANK4              100      0       0      13        0.0%
BITBANK5           100      0       0      14        0.0%
BANK5              100      0       0      15        0.0%
BITBANK6           100      0       0      16        0.0%
BANK6              100      0       0      17        0.0%
BITBANK7           100      0       0      18        0.0%
BANK7              100      0       0      19        0.0%
ABS                  0      0       0      20        0.0%
BIGRAM             7FF      0       0      21        0.0%
BITSFR               0      0       0      40        0.0%
SFR                  0      0       0      40        0.0%


Microchip Technology PIC18 Macro Assembler V1.30 build 55553 
Symbol Table                                                                                   Sun Jun 04 22:30:20 2023

                   _main 7FCC                     start 0000                    ?_main 0001  
                  _PORTC 000F82                    _PORTD 000F83                    _TRISC 000F94  
                  _TRISD 000F95          __initialization 7FC6             __end_of_main 8000  
                 ??_main 0001            __activetblptr 000000               __accesstop 0060  
__end_of__initialization 7FC6           __pcstackCOMRAM 0001                  __Hparam 0000  
                __Lparam 0000                  __pcinit 7FC6                  __ramtop 0800  
                __ptext0 7FCC                  main@div 0003                  main@mul 0001  
   end_of_initialization 7FC6      start_initialization 7FC6                 __Hrparam 0000  
               __Lrparam 0000            __size_of_main 0034  
