

Microchip Technology PIC18 LITE Macro Assembler V1.30 build 55553 
                                                                                               Mon Jun 05 10:45:19 2023

Microchip Technology Omniscient Code Generator (Lite mode) build 55553
     1                           	processor	18F4550
     2                           	fnconf	rparam,??,?,0
     3                           	opt	pw 120
     4                           	opt	lm
     5                           	psect	intcodelo,global,reloc=2,class=CODE,delta=1
     6                           	psect	cinit,global,reloc=2,class=CODE,delta=1
     7                           	psect	bitbssCOMRAM,global,bit,class=COMRAM,space=1,delta=1
     8                           	psect	cstackCOMRAM,global,class=COMRAM,space=1,delta=1
     9                           	psect	text0,global,reloc=2,class=CODE,delta=1
    10                           	psect	text1,global,reloc=2,class=CODE,delta=1
    11                           	psect	text2,global,reloc=2,class=CODE,delta=1
    12                           	psect	intsave_regs,global,class=BIGRAM,space=1,delta=1
    13                           	psect	rparam,global,class=COMRAM,space=1,delta=1
    14  0000                     _INTCON	set	4082
    15  0000                     _INTCON2bits	set	4081
    16  0000                     _LATDbits	set	3980
    17  0000                     _RCONbits	set	4048
    18  0000                     _T0CON	set	4053
    19  0000                     _TMR0H	set	4055
    20  0000                     _TMR0L	set	4054
    21  0000                     _TRISD	set	3989
    22  0000                     _TMR0IF	set	32658
    23  0000                     _TMR0ON	set	32431
    24                           
    25 ;; *************** function _timerinterrupt *****************
    26 ;; Defined at:
    27 ;;		line 18 in file "timer.c"
    28 ;; Parameters:    Size  Location     Type
    29 ;;		None
    30 ;; Auto vars:     Size  Location     Type
    31 ;;		None
    32 ;; Return value:  Size  Location     Type
    33 ;;		None               void
    34 ;; Registers used:
    35 ;;		wreg, status,2
    36 ;; Tracked objects:
    37 ;;		On entry : 0/0
    38 ;;		On exit  : 0/0
    39 ;;		Unchanged: 0/0
    40 ;; Data sizes:     COMRAM   BANK0   BANK1   BANK2   BANK3   BANK4   BANK5   BANK6   BANK7
    41 ;;      Params:         0       0       0       0       0       0       0       0       0
    42 ;;      Locals:         0       0       0       0       0       0       0       0       0
    43 ;;      Temps:         17       0       0       0       0       0       0       0       0
    44 ;;      Totals:        17       0       0       0       0       0       0       0       0
    45 ;;Total ram usage:       17 bytes
    46 ;; Hardware stack levels used:    1
    47 ;; This function calls:
    48 ;;		Nothing
    49 ;; This function is called by:
    50 ;;		Interrupt level 1
    51 ;; This function uses a non-reentrant model
    52 ;;
    53                           
    54                           	psect	intcodelo
    55  000018                     __pintcodelo:
    56                           	opt stack 0
    57  000018                     _timerinterrupt:
    58                           	opt stack 29
    59                           
    60                           ;incstack = 0
    61  000018  CFD8 F001          	movff	status,??_timerinterrupt
    62  00001C  CFE8 F002          	movff	wreg,??_timerinterrupt+1
    63  000020  CFE0 F003          	movff	bsr,??_timerinterrupt+2
    64  000024  CFFA F004          	movff	pclath,??_timerinterrupt+3
    65  000028  CFFB F005          	movff	pclatu,??_timerinterrupt+4
    66  00002C  CFE9 F006          	movff	fsr0l,??_timerinterrupt+5
    67  000030  CFEA F007          	movff	fsr0h,??_timerinterrupt+6
    68  000034  CFE1 F008          	movff	fsr1l,??_timerinterrupt+7
    69  000038  CFE2 F009          	movff	fsr1h,??_timerinterrupt+8
    70  00003C  CFD9 F00A          	movff	fsr2l,??_timerinterrupt+9
    71  000040  CFDA F00B          	movff	fsr2h,??_timerinterrupt+10
    72  000044  CFF3 F00C          	movff	prodl,??_timerinterrupt+11
    73  000048  CFF4 F00D          	movff	prodh,??_timerinterrupt+12
    74  00004C  CFF6 F00E          	movff	tblptrl,??_timerinterrupt+13
    75  000050  CFF7 F00F          	movff	tblptrh,??_timerinterrupt+14
    76  000054  CFF8 F010          	movff	tblptru,??_timerinterrupt+15
    77  000058  CFF5 F011          	movff	tablat,??_timerinterrupt+16
    78                           
    79                           ;timer.c: 19: if(TMR0IF==1){
    80  00005C  A4F2               	btfss	intcon,2,c	;volatile
    81  00005E  D008               	goto	i1l32
    82                           
    83                           ;timer.c: 20: TMR0ON=0;
    84  000060  9ED5               	bcf	4053,7,c	;volatile
    85                           
    86                           ;timer.c: 21: TMR0IF=0;
    87  000062  94F2               	bcf	intcon,2,c	;volatile
    88                           
    89                           ;timer.c: 22: TMR0H=0XEB;
    90  000064  0EEB               	movlw	235
    91  000066  6ED7               	movwf	4055,c	;volatile
    92                           
    93                           ;timer.c: 23: TMR0L=0XB0;
    94  000068  0EB0               	movlw	176
    95  00006A  6ED6               	movwf	4054,c	;volatile
    96                           
    97                           ;timer.c: 24: LATDbits.LATD2= ~LATDbits.LATD2;
    98  00006C  748C               	btg	3980,2,c	;volatile
    99                           
   100                           ;timer.c: 25: TMR0ON=1;
   101  00006E  8ED5               	bsf	4053,7,c	;volatile
   102  000070                     i1l32:
   103  000070  C011  FFF5         	movff	??_timerinterrupt+16,tablat
   104  000074  C010  FFF8         	movff	??_timerinterrupt+15,tblptru
   105  000078  C00F  FFF7         	movff	??_timerinterrupt+14,tblptrh
   106  00007C  C00E  FFF6         	movff	??_timerinterrupt+13,tblptrl
   107  000080  C00D  FFF4         	movff	??_timerinterrupt+12,prodh
   108  000084  C00C  FFF3         	movff	??_timerinterrupt+11,prodl
   109  000088  C00B  FFDA         	movff	??_timerinterrupt+10,fsr2h
   110  00008C  C00A  FFD9         	movff	??_timerinterrupt+9,fsr2l
   111  000090  C009  FFE2         	movff	??_timerinterrupt+8,fsr1h
   112  000094  C008  FFE1         	movff	??_timerinterrupt+7,fsr1l
   113  000098  C007  FFEA         	movff	??_timerinterrupt+6,fsr0h
   114  00009C  C006  FFE9         	movff	??_timerinterrupt+5,fsr0l
   115  0000A0  C005  FFFB         	movff	??_timerinterrupt+4,pclatu
   116  0000A4  C004  FFFA         	movff	??_timerinterrupt+3,pclath
   117  0000A8  C003  FFE0         	movff	??_timerinterrupt+2,bsr
   118  0000AC  C002  FFE8         	movff	??_timerinterrupt+1,wreg
   119  0000B0  C001  FFD8         	movff	??_timerinterrupt,status
   120  0000B4  0010               	retfie	
   121  0000B6                     __end_of_timerinterrupt:
   122                           	opt stack 0
   123  0000                     pclatu	equ	0xFFB
   124                           pclath	equ	0xFFA
   125                           tblptru	equ	0xFF8
   126                           tblptrh	equ	0xFF7
   127                           tblptrl	equ	0xFF6
   128                           tablat	equ	0xFF5
   129                           prodh	equ	0xFF4
   130                           prodl	equ	0xFF3
   131                           intcon	equ	0xFF2
   132                           fsr0h	equ	0xFEA
   133                           fsr0l	equ	0xFE9
   134                           wreg	equ	0xFE8
   135                           fsr1h	equ	0xFE2
   136                           fsr1l	equ	0xFE1
   137                           bsr	equ	0xFE0
   138                           fsr2h	equ	0xFDA
   139                           fsr2l	equ	0xFD9
   140                           status	equ	0xFD8
   141                           
   142                           ; #config settings
   143                           
   144                           	psect	cinit
   145  0000E4                     __pcinit:
   146                           	opt stack 0
   147  0000E4                     start_initialization:
   148                           	opt stack 0
   149  0000E4                     __initialization:
   150                           	opt stack 0
   151                           
   152                           ; Clear objects allocated to BITCOMRAM (1 bytes)
   153  0000E4  6A12               	clrf	(__pbitbssCOMRAM/(0+8))& (0+255),c
   154  0000E6                     end_of_initialization:
   155                           	opt stack 0
   156  0000E6                     __end_of__initialization:
   157                           	opt stack 0
   158  0000E6  0100               	movlb	0
   159  0000E8  EF5D  F000         	goto	_main	;jump to C main() function
   160                           pclatu	equ	0xFFB
   161                           pclath	equ	0xFFA
   162                           tblptru	equ	0xFF8
   163                           tblptrh	equ	0xFF7
   164                           tblptrl	equ	0xFF6
   165                           tablat	equ	0xFF5
   166                           prodh	equ	0xFF4
   167                           prodl	equ	0xFF3
   168                           intcon	equ	0xFF2
   169                           fsr0h	equ	0xFEA
   170                           fsr0l	equ	0xFE9
   171                           wreg	equ	0xFE8
   172                           fsr1h	equ	0xFE2
   173                           fsr1l	equ	0xFE1
   174                           bsr	equ	0xFE0
   175                           fsr2h	equ	0xFDA
   176                           fsr2l	equ	0xFD9
   177                           status	equ	0xFD8
   178                           
   179                           	psect	bitbssCOMRAM
   180  000090                     __pbitbssCOMRAM:
   181                           	opt stack 0
   182  000090                     _timer_set:
   183                           	opt stack 0
   184  000090                     	ds	1
   185                           pclatu	equ	0xFFB
   186                           pclath	equ	0xFFA
   187                           tblptru	equ	0xFF8
   188                           tblptrh	equ	0xFF7
   189                           tblptrl	equ	0xFF6
   190                           tablat	equ	0xFF5
   191                           prodh	equ	0xFF4
   192                           prodl	equ	0xFF3
   193                           intcon	equ	0xFF2
   194                           fsr0h	equ	0xFEA
   195                           fsr0l	equ	0xFE9
   196                           wreg	equ	0xFE8
   197                           fsr1h	equ	0xFE2
   198                           fsr1l	equ	0xFE1
   199                           bsr	equ	0xFE0
   200                           fsr2h	equ	0xFDA
   201                           fsr2l	equ	0xFD9
   202                           status	equ	0xFD8
   203                           
   204                           	psect	cstackCOMRAM
   205  000001                     __pcstackCOMRAM:
   206                           	opt stack 0
   207  000001                     ??_timerinterrupt:
   208  000001                     
   209                           ; 0 bytes @ 0x0
   210  000001                     	ds	17
   211  000012                     pclatu	equ	0xFFB
   212                           pclath	equ	0xFFA
   213                           tblptru	equ	0xFF8
   214                           tblptrh	equ	0xFF7
   215                           tblptrl	equ	0xFF6
   216                           tablat	equ	0xFF5
   217                           prodh	equ	0xFF4
   218                           prodl	equ	0xFF3
   219                           intcon	equ	0xFF2
   220                           fsr0h	equ	0xFEA
   221                           fsr0l	equ	0xFE9
   222                           wreg	equ	0xFE8
   223                           fsr1h	equ	0xFE2
   224                           fsr1l	equ	0xFE1
   225                           bsr	equ	0xFE0
   226                           fsr2h	equ	0xFDA
   227                           fsr2l	equ	0xFD9
   228                           status	equ	0xFD8
   229                           
   230                           ; 0 bytes @ 0x11
   231 ;;
   232 ;;Main: autosize = 0, tempsize = 0, incstack = 0, save=0
   233 ;;
   234 ;; *************** function _main *****************
   235 ;; Defined at:
   236 ;;		line 30 in file "timer.c"
   237 ;; Parameters:    Size  Location     Type
   238 ;;		None
   239 ;; Auto vars:     Size  Location     Type
   240 ;;		None
   241 ;; Return value:  Size  Location     Type
   242 ;;		None               void
   243 ;; Registers used:
   244 ;;		wreg, status,2, cstack
   245 ;; Tracked objects:
   246 ;;		On entry : 0/0
   247 ;;		On exit  : 0/0
   248 ;;		Unchanged: 0/0
   249 ;; Data sizes:     COMRAM   BANK0   BANK1   BANK2   BANK3   BANK4   BANK5   BANK6   BANK7
   250 ;;      Params:         0       0       0       0       0       0       0       0       0
   251 ;;      Locals:         0       0       0       0       0       0       0       0       0
   252 ;;      Temps:          0       0       0       0       0       0       0       0       0
   253 ;;      Totals:         0       0       0       0       0       0       0       0       0
   254 ;;Total ram usage:        0 bytes
   255 ;; Hardware stack levels required when called:    2
   256 ;; This function calls:
   257 ;;		_Interrupt_Init
   258 ;;		_timerInit
   259 ;; This function is called by:
   260 ;;		Startup code after reset
   261 ;; This function uses a non-reentrant model
   262 ;;
   263                           
   264                           	psect	text0
   265  0000BA                     __ptext0:
   266                           	opt stack 0
   267  0000BA                     _main:
   268                           	opt stack 29
   269                           
   270                           ;timer.c: 31: TRISD=0x00;
   271                           
   272                           ;incstack = 0
   273  0000BA  0E00               	movlw	0
   274  0000BC  6E95               	movwf	3989,c	;volatile
   275                           
   276                           ;timer.c: 32: LATDbits.LATD2=1;
   277  0000BE  848C               	bsf	3980,2,c	;volatile
   278                           
   279                           ;timer.c: 34: Interrupt_Init();
   280  0000C0  EC6D  F000         	call	_Interrupt_Init	;wreg free
   281                           
   282                           ;timer.c: 35: timerInit();
   283  0000C4  EC66  F000         	call	_timerInit	;wreg free
   284                           
   285                           ;timer.c: 37: TMR0ON=1;
   286  0000C8  8ED5               	bsf	4053,7,c	;volatile
   287  0000CA                     l35:
   288  0000CA  D7FF               	goto	l35
   289  0000CC                     __end_of_main:
   290                           	opt stack 0
   291                           pclatu	equ	0xFFB
   292                           pclath	equ	0xFFA
   293                           tblptru	equ	0xFF8
   294                           tblptrh	equ	0xFF7
   295                           tblptrl	equ	0xFF6
   296                           tablat	equ	0xFF5
   297                           prodh	equ	0xFF4
   298                           prodl	equ	0xFF3
   299                           intcon	equ	0xFF2
   300                           fsr0h	equ	0xFEA
   301                           fsr0l	equ	0xFE9
   302                           wreg	equ	0xFE8
   303                           fsr1h	equ	0xFE2
   304                           fsr1l	equ	0xFE1
   305                           bsr	equ	0xFE0
   306                           fsr2h	equ	0xFDA
   307                           fsr2l	equ	0xFD9
   308                           status	equ	0xFD8
   309                           
   310 ;; *************** function _timerInit *****************
   311 ;; Defined at:
   312 ;;		line 7 in file "timer.c"
   313 ;; Parameters:    Size  Location     Type
   314 ;;		None
   315 ;; Auto vars:     Size  Location     Type
   316 ;;		None
   317 ;; Return value:  Size  Location     Type
   318 ;;		None               void
   319 ;; Registers used:
   320 ;;		wreg, status,2
   321 ;; Tracked objects:
   322 ;;		On entry : 0/0
   323 ;;		On exit  : 0/0
   324 ;;		Unchanged: 0/0
   325 ;; Data sizes:     COMRAM   BANK0   BANK1   BANK2   BANK3   BANK4   BANK5   BANK6   BANK7
   326 ;;      Params:         0       0       0       0       0       0       0       0       0
   327 ;;      Locals:         0       0       0       0       0       0       0       0       0
   328 ;;      Temps:          0       0       0       0       0       0       0       0       0
   329 ;;      Totals:         0       0       0       0       0       0       0       0       0
   330 ;;Total ram usage:        0 bytes
   331 ;; Hardware stack levels used:    1
   332 ;; Hardware stack levels required when called:    1
   333 ;; This function calls:
   334 ;;		Nothing
   335 ;; This function is called by:
   336 ;;		_main
   337 ;; This function uses a non-reentrant model
   338 ;;
   339                           
   340                           	psect	text1
   341  0000CC                     __ptext1:
   342                           	opt stack 0
   343  0000CC                     _timerInit:
   344                           	opt stack 29
   345                           
   346                           ;timer.c: 8: T0CON=0b00000111;
   347                           
   348                           ;incstack = 0
   349  0000CC  0E07               	movlw	7
   350  0000CE  6ED5               	movwf	4053,c	;volatile
   351                           
   352                           ;timer.c: 9: TMR0H=0XEB;
   353  0000D0  0EEB               	movlw	235
   354  0000D2  6ED7               	movwf	4055,c	;volatile
   355                           
   356                           ;timer.c: 10: TMR0L=0XB0;
   357  0000D4  0EB0               	movlw	176
   358  0000D6  6ED6               	movwf	4054,c	;volatile
   359  0000D8  0012               	return	
   360  0000DA                     __end_of_timerInit:
   361                           	opt stack 0
   362                           pclatu	equ	0xFFB
   363                           pclath	equ	0xFFA
   364                           tblptru	equ	0xFF8
   365                           tblptrh	equ	0xFF7
   366                           tblptrl	equ	0xFF6
   367                           tablat	equ	0xFF5
   368                           prodh	equ	0xFF4
   369                           prodl	equ	0xFF3
   370                           intcon	equ	0xFF2
   371                           fsr0h	equ	0xFEA
   372                           fsr0l	equ	0xFE9
   373                           wreg	equ	0xFE8
   374                           fsr1h	equ	0xFE2
   375                           fsr1l	equ	0xFE1
   376                           bsr	equ	0xFE0
   377                           fsr2h	equ	0xFDA
   378                           fsr2l	equ	0xFD9
   379                           status	equ	0xFD8
   380                           
   381 ;; *************** function _Interrupt_Init *****************
   382 ;; Defined at:
   383 ;;		line 12 in file "timer.c"
   384 ;; Parameters:    Size  Location     Type
   385 ;;		None
   386 ;; Auto vars:     Size  Location     Type
   387 ;;		None
   388 ;; Return value:  Size  Location     Type
   389 ;;		None               void
   390 ;; Registers used:
   391 ;;		wreg, status,2
   392 ;; Tracked objects:
   393 ;;		On entry : 0/0
   394 ;;		On exit  : 0/0
   395 ;;		Unchanged: 0/0
   396 ;; Data sizes:     COMRAM   BANK0   BANK1   BANK2   BANK3   BANK4   BANK5   BANK6   BANK7
   397 ;;      Params:         0       0       0       0       0       0       0       0       0
   398 ;;      Locals:         0       0       0       0       0       0       0       0       0
   399 ;;      Temps:          0       0       0       0       0       0       0       0       0
   400 ;;      Totals:         0       0       0       0       0       0       0       0       0
   401 ;;Total ram usage:        0 bytes
   402 ;; Hardware stack levels used:    1
   403 ;; Hardware stack levels required when called:    1
   404 ;; This function calls:
   405 ;;		Nothing
   406 ;; This function is called by:
   407 ;;		_main
   408 ;; This function uses a non-reentrant model
   409 ;;
   410                           
   411                           	psect	text2
   412  0000DA                     __ptext2:
   413                           	opt stack 0
   414  0000DA                     _Interrupt_Init:
   415                           	opt stack 29
   416                           
   417                           ;timer.c: 13: RCONbits.IPEN=1;
   418                           
   419                           ;incstack = 0
   420  0000DA  8ED0               	bsf	4048,7,c	;volatile
   421                           
   422                           ;timer.c: 14: INTCON=0b11100000;
   423  0000DC  0EE0               	movlw	224
   424  0000DE  6EF2               	movwf	intcon,c	;volatile
   425                           
   426                           ;timer.c: 15: INTCON2bits.TMR0IP=0;
   427  0000E0  94F1               	bcf	intcon2,2,c	;volatile
   428  0000E2  0012               	return	
   429  0000E4                     __end_of_Interrupt_Init:
   430                           	opt stack 0
   431                           pclatu	equ	0xFFB
   432                           pclath	equ	0xFFA
   433                           tblptru	equ	0xFF8
   434                           tblptrh	equ	0xFF7
   435                           tblptrl	equ	0xFF6
   436                           tablat	equ	0xFF5
   437                           prodh	equ	0xFF4
   438                           prodl	equ	0xFF3
   439                           intcon	equ	0xFF2
   440                           intcon2	equ	0xFF1
   441                           fsr0h	equ	0xFEA
   442                           fsr0l	equ	0xFE9
   443                           wreg	equ	0xFE8
   444                           fsr1h	equ	0xFE2
   445                           fsr1l	equ	0xFE1
   446                           bsr	equ	0xFE0
   447                           fsr2h	equ	0xFDA
   448                           fsr2l	equ	0xFD9
   449                           status	equ	0xFD8
   450                           pclatu	equ	0xFFB
   451                           pclath	equ	0xFFA
   452                           tblptru	equ	0xFF8
   453                           tblptrh	equ	0xFF7
   454                           tblptrl	equ	0xFF6
   455                           tablat	equ	0xFF5
   456                           prodh	equ	0xFF4
   457                           prodl	equ	0xFF3
   458                           intcon	equ	0xFF2
   459                           intcon2	equ	0xFF1
   460                           fsr0h	equ	0xFEA
   461                           fsr0l	equ	0xFE9
   462                           wreg	equ	0xFE8
   463                           fsr1h	equ	0xFE2
   464                           fsr1l	equ	0xFE1
   465                           bsr	equ	0xFE0
   466                           fsr2h	equ	0xFDA
   467                           fsr2l	equ	0xFD9
   468                           status	equ	0xFD8
   469                           
   470                           	psect	rparam
   471  0000                     pclatu	equ	0xFFB
   472                           pclath	equ	0xFFA
   473                           tblptru	equ	0xFF8
   474                           tblptrh	equ	0xFF7
   475                           tblptrl	equ	0xFF6
   476                           tablat	equ	0xFF5
   477                           prodh	equ	0xFF4
   478                           prodl	equ	0xFF3
   479                           intcon	equ	0xFF2
   480                           intcon2	equ	0xFF1
   481                           fsr0h	equ	0xFEA
   482                           fsr0l	equ	0xFE9
   483                           wreg	equ	0xFE8
   484                           fsr1h	equ	0xFE2
   485                           fsr1l	equ	0xFE1
   486                           bsr	equ	0xFE0
   487                           fsr2h	equ	0xFDA
   488                           fsr2l	equ	0xFD9
   489                           status	equ	0xFD8


Data Sizes:
    Strings     0
    Constant    0
    Data        0
    BSS         0
    Persistent  0
    Stack       0

Auto Spaces:
    Space          Size  Autos    Used
    COMRAM           95     17      18
    BANK0           160      0       0
    BANK1           256      0       0
    BANK2           256      0       0
    BANK3           256      0       0
    BANK4           256      0       0
    BANK5           256      0       0
    BANK6           256      0       0
    BANK7           256      0       0

Pointer List with Targets:

    None.

Critical Paths under _main in COMRAM

    None.

Critical Paths under _timerinterrupt in COMRAM

    None.

Critical Paths under _main in BANK0

    None.

Critical Paths under _timerinterrupt in BANK0

    None.

Critical Paths under _main in BANK1

    None.

Critical Paths under _timerinterrupt in BANK1

    None.

Critical Paths under _main in BANK2

    None.

Critical Paths under _timerinterrupt in BANK2

    None.

Critical Paths under _main in BANK3

    None.

Critical Paths under _timerinterrupt in BANK3

    None.

Critical Paths under _main in BANK4

    None.

Critical Paths under _timerinterrupt in BANK4

    None.

Critical Paths under _main in BANK5

    None.

Critical Paths under _timerinterrupt in BANK5

    None.

Critical Paths under _main in BANK6

    None.

Critical Paths under _timerinterrupt in BANK6

    None.

Critical Paths under _main in BANK7

    None.

Critical Paths under _timerinterrupt in BANK7

    None.

Call Graph Tables:

 ---------------------------------------------------------------------------------
 (Depth) Function   	        Calls       Base Space   Used Autos Params    Refs
 ---------------------------------------------------------------------------------
 (0) _main                                                 0     0      0       0
                     _Interrupt_Init
                          _timerInit
 ---------------------------------------------------------------------------------
 (1) _timerInit                                            0     0      0       0
 ---------------------------------------------------------------------------------
 (1) _Interrupt_Init                                       0     0      0       0
 ---------------------------------------------------------------------------------
 Estimated maximum stack depth 1
 ---------------------------------------------------------------------------------
 (Depth) Function   	        Calls       Base Space   Used Autos Params    Refs
 ---------------------------------------------------------------------------------
 (2) _timerinterrupt                                      17    17      0       0
                                              0 COMRAM    17    17      0
 ---------------------------------------------------------------------------------
 Estimated maximum stack depth 2
 ---------------------------------------------------------------------------------

 Call Graph Graphs:

 _main (ROOT)
   _Interrupt_Init
   _timerInit

 _timerinterrupt (ROOT)

 Address spaces:
Name               Size   Autos  Total    Cost      Usage
BIGRAM             7FF      0       0      21        0.0%
EEDATA             100      0       0       0        0.0%
BITBANK7           100      0       0      18        0.0%
BANK7              100      0       0      19        0.0%
BITBANK6           100      0       0      16        0.0%
BANK6              100      0       0      17        0.0%
BITBANK5           100      0       0      14        0.0%
BANK5              100      0       0      15        0.0%
BITBANK4           100      0       0      12        0.0%
BANK4              100      0       0      13        0.0%
BITBANK3           100      0       0      10        0.0%
BANK3              100      0       0      11        0.0%
BITBANK2           100      0       0       8        0.0%
BANK2              100      0       0       9        0.0%
BITBANK1           100      0       0       6        0.0%
BANK1              100      0       0       7        0.0%
BITBANK0            A0      0       0       4        0.0%
BANK0               A0      0       0       5        0.0%
BITCOMRAM           5F      0       1       0        1.1%
COMRAM              5F     11      12       1       18.9%
BITSFR               0      0       0      40        0.0%
SFR                  0      0       0      40        0.0%
STACK                0      0       0       2        0.0%
NULL                 0      0       0       0        0.0%
ABS                  0      0      12      20        0.0%
DATA                 0      0      12       3        0.0%
CODE                 0      0       0       0        0.0%


Microchip Technology PIC18 Macro Assembler V1.30 build 55553 
Symbol Table                                                                                   Mon Jun 05 10:45:19 2023

       ??_Interrupt_Init 0012                       l35 00CA                       bsr 000FE0  
                    wreg 000FE8                     i1l32 0070                     _main 00BA  
                   fsr0h 000FEA                     fsr1h 000FE2                     fsr0l 000FE9  
                   fsr2h 000FDA                     fsr1l 000FE1                     fsr2l 000FD9  
                   pclat 000FFA                     prodh 000FF4                     prodl 000FF3  
                   start 00B6                    ?_main 0001                    _T0CON 000FD5  
                  _TMR0H 000FD7                    _TMR0L 000FD6                    _TRISD 000F95  
         __pbitbssCOMRAM 0090                    tablat 000FF5                    status 000FD8  
        __initialization 00E4             __end_of_main 00CC                   ??_main 0012  
          __activetblptr 000000                   _INTCON 000FF2                   _TMR0IF 007F92  
                 _TMR0ON 007EAF         ??_timerinterrupt 0001                   tblptrh 000FF7  
                 tblptrl 000FF6                   tblptru 000FF8               __accesstop 0060  
__end_of__initialization 00E6           __pcstackCOMRAM 0001       __size_of_timerInit 000E  
                __Hparam 0000                  __Lparam 0000                  __pcinit 00E4  
                __ramtop 0800                  __ptext0 00BA                  __ptext1 00CC  
                __ptext2 00DA  __size_of_Interrupt_Init 000A     end_of_initialization 00E6  
      __end_of_timerInit 00DA      start_initialization 00E4           _Interrupt_Init 00DA  
__size_of_timerinterrupt 009E              __pintcodelo 0018   __end_of_Interrupt_Init 00E4  
               _LATDbits 000F8C                 _RCONbits 000FD0                _timerInit 00CC  
              _timer_set 0090          ?_Interrupt_Init 0001              _INTCON2bits 000FF1  
               __Hrparam 0000                 __Lrparam 0000               ?_timerInit 0001  
         _timerinterrupt 0018            __size_of_main 0012   __end_of_timerinterrupt 00B6  
               intlevel1 0000              ??_timerInit 0012          ?_timerinterrupt 0001  
