

Microchip Technology PIC18 LITE Macro Assembler V1.30 build 55553 
                                                                                               Mon Jun 05 09:39:14 2023

Microchip Technology Omniscient Code Generator (Lite mode) build 55553
     1                           	processor	18F4550
     2                           	fnconf	rparam,??,?,0
     3                           	opt	pw 120
     4                           	opt	lm
     5                           	psect	text0,global,reloc=2,class=CODE,delta=1
     6                           	psect	cinit,global,reloc=2,class=CODE,delta=1
     7                           	psect	cstackCOMRAM,global,class=COMRAM,space=1,delta=1
     8                           	psect	text1,global,reloc=2,class=CODE,delta=1
     9                           	psect	intsave_regs,global,class=BIGRAM,space=1,delta=1
    10                           	psect	rparam,global,class=COMRAM,space=1,delta=1
    11  0000                     _LATBbits	set	3978
    12  0000                     _TRISB	set	3987
    13                           
    14                           ; 0 bytes @ 0x2
    15 ;;
    16 ;;Main: autosize = 0, tempsize = 0, incstack = 0, save=0
    17 ;;
    18 ;; *************** function _main *****************
    19 ;; Defined at:
    20 ;;		line 11 in file "led_blinking.c"
    21 ;; Parameters:    Size  Location     Type
    22 ;;		None
    23 ;; Auto vars:     Size  Location     Type
    24 ;;		None
    25 ;; Return value:  Size  Location     Type
    26 ;;		None               void
    27 ;; Registers used:
    28 ;;		wreg, status,2, status,0, cstack
    29 ;; Tracked objects:
    30 ;;		On entry : 0/0
    31 ;;		On exit  : 0/0
    32 ;;		Unchanged: 0/0
    33 ;; Data sizes:     COMRAM   BANK0   BANK1   BANK2   BANK3   BANK4   BANK5   BANK6   BANK7
    34 ;;      Params:         0       0       0       0       0       0       0       0       0
    35 ;;      Locals:         0       0       0       0       0       0       0       0       0
    36 ;;      Temps:          0       0       0       0       0       0       0       0       0
    37 ;;      Totals:         0       0       0       0       0       0       0       0       0
    38 ;;Total ram usage:        0 bytes
    39 ;; Hardware stack levels required when called:    1
    40 ;; This function calls:
    41 ;;		_delay
    42 ;; This function is called by:
    43 ;;		Startup code after reset
    44 ;; This function uses a non-reentrant model
    45 ;;
    46                           
    47                           	psect	text0
    48  007FCA                     __ptext0:
    49                           	opt stack 0
    50  007FCA                     _main:
    51                           	opt stack 30
    52                           
    53                           ;led_blinking.c: 12: TRISB=0;
    54                           
    55                           ;incstack = 0
    56  007FCA  0E00               	movlw	0
    57  007FCC  6E93               	movwf	3987,c	;volatile
    58  007FCE                     l603:
    59                           
    60                           ;led_blinking.c: 14: LATBbits.LATB0=1;
    61  007FCE  808A               	bsf	3978,0,c	;volatile
    62                           
    63                           ;led_blinking.c: 15: LATBbits.LATB1=1;
    64  007FD0  828A               	bsf	3978,1,c	;volatile
    65                           
    66                           ;led_blinking.c: 16: delay();
    67  007FD2  ECF0  F03F         	call	_delay	;wreg free
    68                           
    69                           ;led_blinking.c: 17: LATBbits.LATB0=0;
    70  007FD6  908A               	bcf	3978,0,c	;volatile
    71                           
    72                           ;led_blinking.c: 18: LATBbits.LATB1=0;
    73  007FD8  928A               	bcf	3978,1,c	;volatile
    74                           
    75                           ;led_blinking.c: 19: delay();
    76  007FDA  ECF0  F03F         	call	_delay	;wreg free
    77  007FDE  D7F7               	goto	l603
    78  007FE0                     __end_of_main:
    79                           	opt stack 0
    80                           
    81                           	psect	cinit
    82  007FC4                     __pcinit:
    83                           	opt stack 0
    84  007FC4                     start_initialization:
    85                           	opt stack 0
    86  007FC4                     __initialization:
    87                           	opt stack 0
    88  007FC4                     end_of_initialization:
    89                           	opt stack 0
    90  007FC4                     __end_of__initialization:
    91                           	opt stack 0
    92  007FC4  0100               	movlb	0
    93  007FC6  EFE5  F03F         	goto	_main	;jump to C main() function
    94                           
    95                           	psect	cstackCOMRAM
    96  000001                     __pcstackCOMRAM:
    97                           	opt stack 0
    98  000001                     delay@i:
    99                           	opt stack 0
   100                           
   101                           ; 2 bytes @ 0x0
   102  000001                     	ds	2
   103  000003                     
   104 ;; *************** function _delay *****************
   105 ;; Defined at:
   106 ;;		line 4 in file "led_blinking.c"
   107 ;; Parameters:    Size  Location     Type
   108 ;;		None
   109 ;; Auto vars:     Size  Location     Type
   110 ;;  i               2    0[COMRAM] int 
   111 ;; Return value:  Size  Location     Type
   112 ;;		None               void
   113 ;; Registers used:
   114 ;;		wreg, status,2, status,0
   115 ;; Tracked objects:
   116 ;;		On entry : 0/0
   117 ;;		On exit  : 0/0
   118 ;;		Unchanged: 0/0
   119 ;; Data sizes:     COMRAM   BANK0   BANK1   BANK2   BANK3   BANK4   BANK5   BANK6   BANK7
   120 ;;      Params:         0       0       0       0       0       0       0       0       0
   121 ;;      Locals:         2       0       0       0       0       0       0       0       0
   122 ;;      Temps:          0       0       0       0       0       0       0       0       0
   123 ;;      Totals:         2       0       0       0       0       0       0       0       0
   124 ;;Total ram usage:        2 bytes
   125 ;; Hardware stack levels used:    1
   126 ;; This function calls:
   127 ;;		Nothing
   128 ;; This function is called by:
   129 ;;		_main
   130 ;; This function uses a non-reentrant model
   131 ;;
   132                           
   133                           	psect	text1
   134  007FE0                     __ptext1:
   135                           	opt stack 0
   136  007FE0                     _delay:
   137                           	opt stack 30
   138                           
   139                           ;led_blinking.c: 5: int i;
   140                           ;led_blinking.c: 6: for(i=0;i<10000;i++){
   141                           
   142                           ;incstack = 0
   143  007FE0  0E00               	movlw	0
   144  007FE2  6E02               	movwf	delay@i+1,c
   145  007FE4  0E00               	movlw	0
   146  007FE6  6E01               	movwf	delay@i,c
   147  007FE8  5002               	movf	delay@i+1,w,c
   148  007FEA  0A80               	xorlw	128
   149  007FEC  0F59               	addlw	-167
   150  007FEE  0E10               	movlw	16
   151  007FF0  B4D8               	btfsc	status,2,c
   152  007FF2  5C01               	subwf	delay@i,w,c
   153  007FF4  B0D8               	btfsc	status,0,c
   154  007FF6  D003               	goto	l9
   155  007FF8  4A01               	infsnz	delay@i,f,c
   156  007FFA  2A02               	incf	delay@i+1,f,c
   157  007FFC  D7F5               	goto	L1
   158  007FFE                     l9:
   159  007FFE  0012               	return	
   160  008000                     __end_of_delay:
   161                           	opt stack 0
   162  0000                     status	equ	0xFD8
   163                           status	equ	0xFD8
   164                           
   165                           	psect	rparam
   166  0000                     status	equ	0xFD8


Data Sizes:
    Strings     0
    Constant    0
    Data        0
    BSS         0
    Persistent  0
    Stack       0

Auto Spaces:
    Space          Size  Autos    Used
    COMRAM           95      2       2
    BANK0           160      0       0
    BANK1           256      0       0
    BANK2           256      0       0
    BANK3           256      0       0
    BANK4           256      0       0
    BANK5           256      0       0
    BANK6           256      0       0
    BANK7           256      0       0

Pointer List with Targets:

    None.

Critical Paths under _main in COMRAM

    _main->_delay

Critical Paths under _main in BANK0

    None.

Critical Paths under _main in BANK1

    None.

Critical Paths under _main in BANK2

    None.

Critical Paths under _main in BANK3

    None.

Critical Paths under _main in BANK4

    None.

Critical Paths under _main in BANK5

    None.

Critical Paths under _main in BANK6

    None.

Critical Paths under _main in BANK7

    None.

Call Graph Tables:

 ---------------------------------------------------------------------------------
 (Depth) Function   	        Calls       Base Space   Used Autos Params    Refs
 ---------------------------------------------------------------------------------
 (0) _main                                                 0     0      0      30
                              _delay
 ---------------------------------------------------------------------------------
 (1) _delay                                                2     2      0      30
                                              0 COMRAM     2     2      0
 ---------------------------------------------------------------------------------
 Estimated maximum stack depth 1
 ---------------------------------------------------------------------------------

 Call Graph Graphs:

 _main (ROOT)
   _delay

 Address spaces:
Name               Size   Autos  Total    Cost      Usage
BITCOMRAM           5F      0       0       0        0.0%
EEDATA             100      0       0       0        0.0%
NULL                 0      0       0       0        0.0%
CODE                 0      0       0       0        0.0%
COMRAM              5F      2       2       1        2.1%
STACK                0      0       0       2        0.0%
DATA                 0      0       0       3        0.0%
BITBANK0            A0      0       0       4        0.0%
BANK0               A0      0       0       5        0.0%
BITBANK1           100      0       0       6        0.0%
BANK1              100      0       0       7        0.0%
BITBANK2           100      0       0       8        0.0%
BANK2              100      0       0       9        0.0%
BITBANK3           100      0       0      10        0.0%
BANK3              100      0       0      11        0.0%
BITBANK4           100      0       0      12        0.0%
BANK4              100      0       0      13        0.0%
BITBANK5           100      0       0      14        0.0%
BANK5              100      0       0      15        0.0%
BITBANK6           100      0       0      16        0.0%
BANK6              100      0       0      17        0.0%
BITBANK7           100      0       0      18        0.0%
BANK7              100      0       0      19        0.0%
ABS                  0      0       0      20        0.0%
BIGRAM             7FF      0       0      21        0.0%
BITSFR               0      0       0      40        0.0%
SFR                  0      0       0      40        0.0%


Microchip Technology PIC18 Macro Assembler V1.30 build 55553 
Symbol Table                                                                                   Mon Jun 05 09:39:14 2023

                      l9 7FFE                      l603 7FCE                     _main 7FCA  
                   start 0000                    ?_main 0001                    _TRISB 000F93  
                  _delay 7FE0                    status 000FD8          __initialization 7FC4  
           __end_of_main 7FE0                   ??_main 0003            __activetblptr 000000  
                 ?_delay 0001                   delay@i 0001               __accesstop 0060  
__end_of__initialization 7FC4           __pcstackCOMRAM 0001            __end_of_delay 8000  
                ??_delay 0001                  __Hparam 0000                  __Lparam 0000  
                __pcinit 7FC4                  __ramtop 0800                  __ptext0 7FCA  
                __ptext1 7FE0     end_of_initialization 7FC4      start_initialization 7FC4  
         __size_of_delay 0020                 _LATBbits 000F8A                 __Hrparam 0000  
               __Lrparam 0000            __size_of_main 0016  
