

Microchip Technology PIC18 LITE Macro Assembler V1.30 build 55553 
                                                                                               Sun Jun 04 22:07:13 2023

Microchip Technology Omniscient Code Generator (Lite mode) build 55553
     1                           	processor	18F4550
     2                           	fnconf	rparam,??,?,0
     3                           	opt	pw 120
     4                           	opt	lm
     5                           	psect	text0,global,reloc=2,class=CODE,delta=1
     6                           	psect	cinit,global,reloc=2,class=CODE,delta=1
     7                           	psect	cstackCOMRAM,global,class=COMRAM,space=1,delta=1
     8                           	psect	intsave_regs,global,class=BIGRAM,space=1,delta=1
     9                           	psect	rparam,global,class=COMRAM,space=1,delta=1
    10  0000                     _PORTC	set	3970
    11  0000                     _PORTD	set	3971
    12  0000                     _TRISC	set	3988
    13  0000                     _TRISD	set	3989
    14                           
    15 ;;
    16 ;;Main: autosize = 0, tempsize = 0, incstack = 0, save=0
    17 ;;
    18 ;; *************** function _main *****************
    19 ;; Defined at:
    20 ;;		line 5 in file "addsub.c"
    21 ;; Parameters:    Size  Location     Type
    22 ;;		None
    23 ;; Auto vars:     Size  Location     Type
    24 ;;  diff            2    2[COMRAM] int 
    25 ;;  sum             2    0[COMRAM] int 
    26 ;; Return value:  Size  Location     Type
    27 ;;		None               void
    28 ;; Registers used:
    29 ;;		wreg, status,2
    30 ;; Tracked objects:
    31 ;;		On entry : 0/0
    32 ;;		On exit  : 0/0
    33 ;;		Unchanged: 0/0
    34 ;; Data sizes:     COMRAM   BANK0   BANK1   BANK2   BANK3   BANK4   BANK5   BANK6   BANK7
    35 ;;      Params:         0       0       0       0       0       0       0       0       0
    36 ;;      Locals:         4       0       0       0       0       0       0       0       0
    37 ;;      Temps:          0       0       0       0       0       0       0       0       0
    38 ;;      Totals:         4       0       0       0       0       0       0       0       0
    39 ;;Total ram usage:        4 bytes
    40 ;; This function calls:
    41 ;;		Nothing
    42 ;; This function is called by:
    43 ;;		Startup code after reset
    44 ;; This function uses a non-reentrant model
    45 ;;
    46                           
    47                           	psect	text0
    48  007FCC                     __ptext0:
    49                           	opt stack 0
    50  007FCC                     _main:
    51                           	opt stack 31
    52                           
    53                           ;addsub.c: 7: int sum,diff;
    54                           ;addsub.c: 8: sum=0;
    55                           
    56                           ;incstack = 0
    57  007FCC  0E00               	movlw	0
    58  007FCE  6E02               	movwf	main@sum+1,c
    59  007FD0  0E00               	movlw	0
    60  007FD2  6E01               	movwf	main@sum,c
    61                           
    62                           ;addsub.c: 9: diff=0;
    63  007FD4  0E00               	movlw	0
    64  007FD6  6E04               	movwf	main@diff+1,c
    65  007FD8  0E00               	movlw	0
    66  007FDA  6E03               	movwf	main@diff,c
    67                           
    68                           ;addsub.c: 10: sum=0x02 + 0X04;
    69  007FDC  0E00               	movlw	0
    70  007FDE  6E02               	movwf	main@sum+1,c
    71  007FE0  0E06               	movlw	6
    72  007FE2  6E01               	movwf	main@sum,c
    73                           
    74                           ;addsub.c: 11: diff=0x08 - 0X03;
    75  007FE4  0E00               	movlw	0
    76  007FE6  6E04               	movwf	main@diff+1,c
    77  007FE8  0E05               	movlw	5
    78  007FEA  6E03               	movwf	main@diff,c
    79                           
    80                           ;addsub.c: 12: TRISC=0;
    81  007FEC  0E00               	movlw	0
    82  007FEE  6E94               	movwf	3988,c	;volatile
    83                           
    84                           ;addsub.c: 13: PORTC=sum;
    85  007FF0  C001  FF82         	movff	main@sum,3970	;volatile
    86                           
    87                           ;addsub.c: 14: TRISD=0;
    88  007FF4  0E00               	movlw	0
    89  007FF6  6E95               	movwf	3989,c	;volatile
    90                           
    91                           ;addsub.c: 15: PORTD=diff;
    92  007FF8  C003  FF83         	movff	main@diff,3971	;volatile
    93  007FFC  EF00  F000         	goto	start
    94  008000                     __end_of_main:
    95                           	opt stack 0
    96  0000                     
    97                           	psect	cinit
    98  007FC6                     __pcinit:
    99                           	opt stack 0
   100  007FC6                     start_initialization:
   101                           	opt stack 0
   102  007FC6                     __initialization:
   103                           	opt stack 0
   104  007FC6                     end_of_initialization:
   105                           	opt stack 0
   106  007FC6                     __end_of__initialization:
   107                           	opt stack 0
   108  007FC6  0100               	movlb	0
   109  007FC8  EFE6  F03F         	goto	_main	;jump to C main() function
   110                           
   111                           	psect	cstackCOMRAM
   112  000001                     __pcstackCOMRAM:
   113                           	opt stack 0
   114  000001                     main@sum:
   115                           	opt stack 0
   116                           
   117                           ; 2 bytes @ 0x0
   118  000001                     	ds	2
   119  000003                     main@diff:
   120                           	opt stack 0
   121                           
   122                           ; 2 bytes @ 0x2
   123  000003                     	ds	2
   124                           
   125                           	psect	rparam


Data Sizes:
    Strings     0
    Constant    0
    Data        0
    BSS         0
    Persistent  0
    Stack       0

Auto Spaces:
    Space          Size  Autos    Used
    COMRAM           95      4       4
    BANK0           160      0       0
    BANK1           256      0       0
    BANK2           256      0       0
    BANK3           256      0       0
    BANK4           256      0       0
    BANK5           256      0       0
    BANK6           256      0       0
    BANK7           256      0       0

Pointer List with Targets:

    None.

Critical Paths under _main in COMRAM

    None.

Critical Paths under _main in BANK0

    None.

Critical Paths under _main in BANK1

    None.

Critical Paths under _main in BANK2

    None.

Critical Paths under _main in BANK3

    None.

Critical Paths under _main in BANK4

    None.

Critical Paths under _main in BANK5

    None.

Critical Paths under _main in BANK6

    None.

Critical Paths under _main in BANK7

    None.

Call Graph Tables:

 ---------------------------------------------------------------------------------
 (Depth) Function   	        Calls       Base Space   Used Autos Params    Refs
 ---------------------------------------------------------------------------------
 (0) _main                                                 4     4      0      30
                                              0 COMRAM     4     4      0
 ---------------------------------------------------------------------------------
 Estimated maximum stack depth 0
 ---------------------------------------------------------------------------------

 Call Graph Graphs:

 _main (ROOT)

 Address spaces:
Name               Size   Autos  Total    Cost      Usage
BITCOMRAM           5F      0       0       0        0.0%
EEDATA             100      0       0       0        0.0%
NULL                 0      0       0       0        0.0%
CODE                 0      0       0       0        0.0%
COMRAM              5F      4       4       1        4.2%
STACK                0      0       0       2        0.0%
DATA                 0      0       0       3        0.0%
BITBANK0            A0      0       0       4        0.0%
BANK0               A0      0       0       5        0.0%
BITBANK1           100      0       0       6        0.0%
BANK1              100      0       0       7        0.0%
BITBANK2           100      0       0       8        0.0%
BANK2              100      0       0       9        0.0%
BITBANK3           100      0       0      10        0.0%
BANK3              100      0       0      11        0.0%
BITBANK4           100      0       0      12        0.0%
BANK4              100      0       0      13        0.0%
BITBANK5           100      0       0      14        0.0%
BANK5              100      0       0      15        0.0%
BITBANK6           100      0       0      16        0.0%
BANK6              100      0       0      17        0.0%
BITBANK7           100      0       0      18        0.0%
BANK7              100      0       0      19        0.0%
ABS                  0      0       0      20        0.0%
BIGRAM             7FF      0       0      21        0.0%
BITSFR               0      0       0      40        0.0%
SFR                  0      0       0      40        0.0%


Microchip Technology PIC18 Macro Assembler V1.30 build 55553 
Symbol Table                                                                                   Sun Jun 04 22:07:13 2023

                   _main 7FCC                     start 0000                    ?_main 0001  
                  _PORTC 000F82                    _PORTD 000F83                    _TRISC 000F94  
                  _TRISD 000F95          __initialization 7FC6             __end_of_main 8000  
                 ??_main 0001            __activetblptr 000000               __accesstop 0060  
__end_of__initialization 7FC6           __pcstackCOMRAM 0001                  __Hparam 0000  
                __Lparam 0000                  __pcinit 7FC6                  __ramtop 0800  
                __ptext0 7FCC                  main@sum 0001     end_of_initialization 7FC6  
    start_initialization 7FC6                 __Hrparam 0000                 __Lrparam 0000  
          __size_of_main 0034                 main@diff 0003  
